빌드 시작: 2016-04-04 오후 2:15:46
     1>2 노드의 "D:\Study\과제\알고리즘 20자리 이상 정수 덧셈 뺄셈\20120540_임태현_알고리즘_과제1\20120540_임태현_알고리즘_과제1\20120540_임태현_알고리즘_과제1.vcxproj" 프로젝트(Build 대상)입니다.
     1>ClCompile:
         C:\Program Files (x86)\Microsoft Visual Studio 12.0\VC\bin\CL.exe /c /ZI /nologo /W3 /WX- /sdl /Od /Oy- /D WIN32 /D _DEBUG /D _CONSOLE /D _LIB /D _UNICODE /D UNICODE /Gm /EHsc /RTC1 /MDd /GS /fp:precise /Zc:wchar_t /Zc:forScope /Fo"Debug\\" /Fd"Debug\vc120.pdb" /Gd /TP /analyze- /errorReport:prompt "20120540_임태현_알고리즘_과제1.cpp" bigint.cpp
         bigint.cpp
     1>d:\study\과제\알고리즘 20자리 이상 정수 덧셈 뺄셈\20120540_임태현_알고리즘_과제1\20120540_임태현_알고리즘_과제1\bigint.cpp(6): error C2144: 구문 오류 : void'은(는) ';' 다음에 와야 합니다.
         20120540_임태현_알고리즘_과제1.cpp
     1>d:\study\과제\알고리즘 20자리 이상 정수 덧셈 뺄셈\20120540_임태현_알고리즘_과제1\20120540_임태현_알고리즘_과제1\20120540_임태현_알고리즘_과제1.cpp(7): error C2144: 구문 오류 : void'은(는) ';' 다음에 와야 합니다.
         코드를 생성하고 있습니다...
     1>"D:\Study\과제\알고리즘 20자리 이상 정수 덧셈 뺄셈\20120540_임태현_알고리즘_과제1\20120540_임태현_알고리즘_과제1\20120540_임태현_알고리즘_과제1.vcxproj" 프로젝트를 빌드했습니다(Build 대상). - 실패

빌드하지 못했습니다.

경과 시간: 00:00:00.15
